{
  "RSpec": {
    "coverage": {
      "/home/alessandro/Documentos/workspace/store_api/app/controllers/products_controller.rb": {
        "lines": [
          null,
          null,
          1,
          1,
          2,
          null,
          null,
          1,
          3,
          null,
          null,
          1,
          3,
          3,
          null,
          1,
          null,
          null,
          1,
          1,
          1,
          1,
          null,
          1,
          null,
          null,
          1,
          1,
          1,
          1,
          null,
          null,
          1,
          null,
          1,
          4,
          null,
          null
        ]
      },
      "/home/alessandro/Documentos/workspace/store_api/app/controllers/application_controller.rb": {
        "lines": [
          null,
          null,
          1,
          1,
          null,
          1,
          2,
          null,
          null,
          1,
          4,
          null,
          null,
          1,
          10,
          null,
          null
        ]
      },
      "/home/alessandro/Documentos/workspace/store_api/app/controllers/stock_items_controller.rb": {
        "lines": [
          null,
          null,
          1,
          1,
          null,
          1,
          3,
          3,
          null,
          1,
          null,
          null,
          1,
          2,
          2,
          null,
          1,
          null,
          null,
          1,
          2,
          2,
          null,
          1,
          null,
          null,
          1,
          6,
          null,
          null,
          null,
          6,
          null,
          null,
          1,
          null,
          1,
          19,
          null,
          null
        ]
      },
      "/home/alessandro/Documentos/workspace/store_api/app/controllers/stores_controller.rb": {
        "lines": [
          null,
          null,
          1,
          1,
          2,
          null,
          null,
          null,
          null,
          1,
          3,
          null,
          null,
          1,
          5,
          5,
          null,
          1,
          null,
          null,
          1,
          2,
          2,
          2,
          null,
          2,
          null,
          null,
          1,
          1,
          1,
          1,
          null,
          null,
          1,
          null,
          1,
          7,
          null,
          null
        ]
      },
      "/home/alessandro/Documentos/workspace/store_api/app/models/address.rb": {
        "lines": [
          null,
          null,
          1,
          1,
          null,
          1,
          null
        ]
      },
      "/home/alessandro/Documentos/workspace/store_api/app/models/application_record.rb": {
        "lines": [
          null,
          null,
          1,
          1,
          null
        ]
      },
      "/home/alessandro/Documentos/workspace/store_api/app/models/product.rb": {
        "lines": [
          null,
          null,
          1,
          1,
          1,
          1,
          null
        ]
      },
      "/home/alessandro/Documentos/workspace/store_api/app/models/store.rb": {
        "lines": [
          null,
          null,
          1,
          1,
          1,
          1,
          1,
          null
        ]
      },
      "/home/alessandro/Documentos/workspace/store_api/app/models/stock_item.rb": {
        "lines": [
          null,
          null,
          1,
          1,
          1,
          1,
          1,
          null,
          1,
          9,
          null,
          null,
          1,
          9,
          null,
          null
        ]
      },
      "/home/alessandro/Documentos/workspace/store_api/app/business/stock_item_builder.rb": {
        "lines": [
          null,
          null,
          1,
          1,
          null,
          null,
          1,
          null,
          null,
          null,
          1,
          4,
          4,
          4,
          null,
          null,
          1,
          4,
          null,
          2,
          null,
          null,
          null,
          2,
          2,
          null,
          null,
          1,
          null,
          1,
          2,
          2,
          null,
          null
        ]
      },
      "/home/alessandro/Documentos/workspace/store_api/app/business/store_builder.rb": {
        "lines": [
          null,
          null,
          1,
          1,
          null,
          1,
          7,
          null,
          null,
          1,
          5,
          5,
          5,
          null,
          1,
          null,
          null,
          null,
          1,
          2,
          2,
          2,
          2,
          2,
          null,
          null,
          null,
          1,
          null,
          1,
          null,
          3,
          null,
          null,
          null,
          null,
          null
        ]
      }
    },
    "timestamp": 1584993130
  }
}
